[0.163s] DEBUG:colcon:Command line arguments: ['/usr/bin/colcon', 'build']
[0.163s] DEBUG:colcon:Parsed command line arguments: Namespace(log_base=None, log_level=None, verb_name='build', build_base='build', install_base='install', merge_install=False, symlink_install=False, test_result_base=None, continue_on_error=False, executor='parallel', parallel_workers=16, event_handlers=None, ignore_user_meta=False, metas=['./colcon.meta'], base_paths=['.'], packages_ignore=None, packages_ignore_regex=None, paths=None, packages_up_to=None, packages_up_to_regex=None, packages_above=None, packages_above_and_dependencies=None, packages_above_depth=None, packages_select_by_dep=None, packages_skip_by_dep=None, packages_skip_up_to=None, packages_select_build_failed=False, packages_skip_build_finished=False, packages_select_test_failures=False, packages_skip_test_passed=False, packages_select=None, packages_skip=None, packages_select_regex=None, packages_skip_regex=None, packages_start=None, packages_end=None, allow_overriding=[], cmake_args=None, cmake_target=None, cmake_target_skip_unavailable=False, cmake_clean_cache=False, cmake_clean_first=False, cmake_force_configure=False, ament_cmake_args=None, catkin_cmake_args=None, catkin_skip_building_tests=False, mixin_files=None, mixin=None, verb_parser=<colcon_mixin.mixin.mixin_argument.MixinArgumentDecorator object at 0x73684b436890>, verb_extension=<colcon_core.verb.build.BuildVerb object at 0x73684b5afee0>, main=<bound method BuildVerb.main of <colcon_core.verb.build.BuildVerb object at 0x73684b5afee0>>, mixin_verb=('build',))
[0.305s] Level 1:colcon.colcon_core.package_discovery:discover_packages(colcon_meta) check parameters
[0.305s] Level 1:colcon.colcon_core.package_discovery:discover_packages(recursive) check parameters
[0.305s] Level 1:colcon.colcon_core.package_discovery:discover_packages(ignore) check parameters
[0.305s] Level 1:colcon.colcon_core.package_discovery:discover_packages(path) check parameters
[0.305s] Level 1:colcon.colcon_core.package_discovery:discover_packages(colcon_meta) discover
[0.305s] Level 1:colcon.colcon_core.package_discovery:discover_packages(recursive) discover
[0.305s] INFO:colcon.colcon_core.package_discovery:Crawling recursively for packages in '/home/arthur/Projects/Lidar/src'
[0.306s] Level 1:colcon.colcon_core.package_identification:_identify(.) by extensions ['ignore', 'ignore_ament_install']
[0.306s] Level 1:colcon.colcon_core.package_identification:_identify(.) by extension 'ignore'
[0.306s] Level 1:colcon.colcon_core.package_identification:_identify(.) by extension 'ignore_ament_install'
[0.306s] Level 1:colcon.colcon_core.package_identification:_identify(.) by extensions ['colcon_pkg']
[0.306s] Level 1:colcon.colcon_core.package_identification:_identify(.) by extension 'colcon_pkg'
[0.306s] Level 1:colcon.colcon_core.package_identification:_identify(.) by extensions ['colcon_meta']
[0.306s] Level 1:colcon.colcon_core.package_identification:_identify(.) by extension 'colcon_meta'
[0.306s] Level 1:colcon.colcon_core.package_identification:_identify(.) by extensions ['ros']
[0.306s] Level 1:colcon.colcon_core.package_identification:_identify(.) by extension 'ros'
[0.313s] Level 1:colcon.colcon_core.package_identification:_identify(.) by extensions ['cmake', 'python']
[0.313s] Level 1:colcon.colcon_core.package_identification:_identify(.) by extension 'cmake'
[0.313s] Level 1:colcon.colcon_core.package_identification:_identify(.) by extension 'python'
[0.313s] Level 1:colcon.colcon_core.package_identification:_identify(.) by extensions ['python_setup_py']
[0.313s] Level 1:colcon.colcon_core.package_identification:_identify(.) by extension 'python_setup_py'
[0.313s] Level 1:colcon.colcon_core.package_identification:_identify(build) by extensions ['ignore', 'ignore_ament_install']
[0.313s] Level 1:colcon.colcon_core.package_identification:_identify(build) by extension 'ignore'
[0.313s] Level 1:colcon.colcon_core.package_identification:_identify(build) ignored
[0.313s] Level 1:colcon.colcon_core.package_identification:_identify(install) by extensions ['ignore', 'ignore_ament_install']
[0.313s] Level 1:colcon.colcon_core.package_identification:_identify(install) by extension 'ignore'
[0.313s] Level 1:colcon.colcon_core.package_identification:_identify(install) ignored
[0.313s] Level 1:colcon.colcon_core.package_identification:_identify(log) by extensions ['ignore', 'ignore_ament_install']
[0.313s] Level 1:colcon.colcon_core.package_identification:_identify(log) by extension 'ignore'
[0.313s] Level 1:colcon.colcon_core.package_identification:_identify(log) ignored
[0.313s] Level 1:colcon.colcon_core.package_identification:_identify(sllidar_ros2) by extensions ['ignore', 'ignore_ament_install']
[0.313s] Level 1:colcon.colcon_core.package_identification:_identify(sllidar_ros2) by extension 'ignore'
[0.313s] Level 1:colcon.colcon_core.package_identification:_identify(sllidar_ros2) by extension 'ignore_ament_install'
[0.314s] Level 1:colcon.colcon_core.package_identification:_identify(sllidar_ros2) by extensions ['colcon_pkg']
[0.314s] Level 1:colcon.colcon_core.package_identification:_identify(sllidar_ros2) by extension 'colcon_pkg'
[0.314s] Level 1:colcon.colcon_core.package_identification:_identify(sllidar_ros2) by extensions ['colcon_meta']
[0.314s] Level 1:colcon.colcon_core.package_identification:_identify(sllidar_ros2) by extension 'colcon_meta'
[0.314s] Level 1:colcon.colcon_core.package_identification:_identify(sllidar_ros2) by extensions ['ros']
[0.314s] Level 1:colcon.colcon_core.package_identification:_identify(sllidar_ros2) by extension 'ros'
[0.316s] DEBUG:colcon.colcon_core.package_identification:Package 'sllidar_ros2' with type 'ros.ament_cmake' and name 'sllidar_ros2'
[0.316s] Level 1:colcon.colcon_core.package_discovery:discover_packages(recursive) using defaults
[0.316s] Level 1:colcon.colcon_core.package_discovery:discover_packages(ignore) discover
[0.316s] Level 1:colcon.colcon_core.package_discovery:discover_packages(ignore) using defaults
[0.316s] Level 1:colcon.colcon_core.package_discovery:discover_packages(path) discover
[0.316s] Level 1:colcon.colcon_core.package_discovery:discover_packages(path) using defaults
[0.334s] Level 1:colcon.colcon_core.package_discovery:discover_packages(prefix_path) check parameters
[0.334s] Level 1:colcon.colcon_core.package_discovery:discover_packages(prefix_path) discover
[0.336s] DEBUG:colcon.colcon_installed_package_information.package_discovery:Found 1 installed packages in /home/arthur/Projects/TopicosEmRobotica/Exercise 2/install
[0.337s] DEBUG:colcon.colcon_installed_package_information.package_discovery:Found 270 installed packages in /opt/ros/humble
[0.342s] Level 1:colcon.colcon_core.package_discovery:discover_packages(prefix_path) using defaults
[0.360s] Level 5:colcon.colcon_core.verb:set package 'sllidar_ros2' build argument 'cmake_args' from command line to 'None'
[0.361s] Level 5:colcon.colcon_core.verb:set package 'sllidar_ros2' build argument 'cmake_target' from command line to 'None'
[0.361s] Level 5:colcon.colcon_core.verb:set package 'sllidar_ros2' build argument 'cmake_target_skip_unavailable' from command line to 'False'
[0.361s] Level 5:colcon.colcon_core.verb:set package 'sllidar_ros2' build argument 'cmake_clean_cache' from command line to 'False'
[0.361s] Level 5:colcon.colcon_core.verb:set package 'sllidar_ros2' build argument 'cmake_clean_first' from command line to 'False'
[0.361s] Level 5:colcon.colcon_core.verb:set package 'sllidar_ros2' build argument 'cmake_force_configure' from command line to 'False'
[0.361s] Level 5:colcon.colcon_core.verb:set package 'sllidar_ros2' build argument 'ament_cmake_args' from command line to 'None'
[0.361s] Level 5:colcon.colcon_core.verb:set package 'sllidar_ros2' build argument 'catkin_cmake_args' from command line to 'None'
[0.361s] Level 5:colcon.colcon_core.verb:set package 'sllidar_ros2' build argument 'catkin_skip_building_tests' from command line to 'False'
[0.361s] DEBUG:colcon.colcon_core.verb:Building package 'sllidar_ros2' with the following arguments: {'ament_cmake_args': None, 'build_base': '/home/arthur/Projects/Lidar/src/build/sllidar_ros2', 'catkin_cmake_args': None, 'catkin_skip_building_tests': False, 'cmake_args': None, 'cmake_clean_cache': False, 'cmake_clean_first': False, 'cmake_force_configure': False, 'cmake_target': None, 'cmake_target_skip_unavailable': False, 'install_base': '/home/arthur/Projects/Lidar/src/install/sllidar_ros2', 'merge_install': False, 'path': '/home/arthur/Projects/Lidar/src/sllidar_ros2', 'symlink_install': False, 'test_result_base': None}
[0.361s] INFO:colcon.colcon_core.executor:Executing jobs using 'parallel' executor
[0.361s] DEBUG:colcon.colcon_parallel_executor.executor.parallel:run_until_complete
[0.362s] INFO:colcon.colcon_ros.task.ament_cmake.build:Building ROS package in '/home/arthur/Projects/Lidar/src/sllidar_ros2' with build type 'ament_cmake'
[0.362s] INFO:colcon.colcon_cmake.task.cmake.build:Building CMake package in '/home/arthur/Projects/Lidar/src/sllidar_ros2'
[0.364s] INFO:colcon.colcon_core.plugin_system:Skipping extension 'colcon_core.shell.bat': Not used on non-Windows systems
[0.364s] INFO:colcon.colcon_core.shell:Skip shell extension 'powershell' for command environment: Not usable outside of PowerShell
[0.364s] DEBUG:colcon.colcon_core.shell:Skip shell extension 'dsv' for command environment
[0.370s] DEBUG:colcon.colcon_core.event_handler.log_command:Invoking command in '/home/arthur/Projects/Lidar/src/build/sllidar_ros2': CMAKE_PREFIX_PATH=${CMAKE_PREFIX_PATH}:/opt/ros/humble /usr/bin/cmake /home/arthur/Projects/Lidar/src/sllidar_ros2 -DCMAKE_INSTALL_PREFIX=/home/arthur/Projects/Lidar/src/install/sllidar_ros2
[1.300s] DEBUG:colcon.colcon_core.event_handler.log_command:Invoked command in '/home/arthur/Projects/Lidar/src/build/sllidar_ros2' returned '0': CMAKE_PREFIX_PATH=${CMAKE_PREFIX_PATH}:/opt/ros/humble /usr/bin/cmake /home/arthur/Projects/Lidar/src/sllidar_ros2 -DCMAKE_INSTALL_PREFIX=/home/arthur/Projects/Lidar/src/install/sllidar_ros2
[1.301s] DEBUG:colcon.colcon_core.event_handler.log_command:Invoking command in '/home/arthur/Projects/Lidar/src/build/sllidar_ros2': CMAKE_PREFIX_PATH=${CMAKE_PREFIX_PATH}:/opt/ros/humble /usr/bin/cmake --build /home/arthur/Projects/Lidar/src/build/sllidar_ros2 -- -j16 -l16
[6.260s] DEBUG:colcon.colcon_core.event_handler.log_command:Invoked command in '/home/arthur/Projects/Lidar/src/build/sllidar_ros2' returned '0': CMAKE_PREFIX_PATH=${CMAKE_PREFIX_PATH}:/opt/ros/humble /usr/bin/cmake --build /home/arthur/Projects/Lidar/src/build/sllidar_ros2 -- -j16 -l16
[6.267s] DEBUG:colcon.colcon_core.event_handler.log_command:Invoking command in '/home/arthur/Projects/Lidar/src/build/sllidar_ros2': CMAKE_PREFIX_PATH=${CMAKE_PREFIX_PATH}:/opt/ros/humble /usr/bin/cmake --install /home/arthur/Projects/Lidar/src/build/sllidar_ros2
[6.278s] Level 1:colcon.colcon_core.environment:create_environment_scripts_only(sllidar_ros2)
[6.278s] DEBUG:colcon.colcon_core.event_handler.log_command:Invoked command in '/home/arthur/Projects/Lidar/src/build/sllidar_ros2' returned '0': CMAKE_PREFIX_PATH=${CMAKE_PREFIX_PATH}:/opt/ros/humble /usr/bin/cmake --install /home/arthur/Projects/Lidar/src/build/sllidar_ros2
[6.281s] Level 1:colcon.colcon_core.environment:checking '/home/arthur/Projects/Lidar/src/install/sllidar_ros2' for CMake module files
[6.281s] Level 1:colcon.colcon_core.environment:checking '/home/arthur/Projects/Lidar/src/install/sllidar_ros2' for CMake config files
[6.282s] Level 1:colcon.colcon_core.shell:create_environment_hook('sllidar_ros2', 'cmake_prefix_path')
[6.282s] INFO:colcon.colcon_core.shell:Creating environment hook '/home/arthur/Projects/Lidar/src/install/sllidar_ros2/share/sllidar_ros2/hook/cmake_prefix_path.ps1'
[6.282s] INFO:colcon.colcon_core.shell:Creating environment descriptor '/home/arthur/Projects/Lidar/src/install/sllidar_ros2/share/sllidar_ros2/hook/cmake_prefix_path.dsv'
[6.283s] INFO:colcon.colcon_core.shell:Creating environment hook '/home/arthur/Projects/Lidar/src/install/sllidar_ros2/share/sllidar_ros2/hook/cmake_prefix_path.sh'
[6.283s] Level 1:colcon.colcon_core.environment:checking '/home/arthur/Projects/Lidar/src/install/sllidar_ros2/lib'
[6.283s] Level 1:colcon.colcon_core.environment:checking '/home/arthur/Projects/Lidar/src/install/sllidar_ros2/bin'
[6.283s] Level 1:colcon.colcon_core.environment:checking '/home/arthur/Projects/Lidar/src/install/sllidar_ros2/lib/pkgconfig/sllidar_ros2.pc'
[6.283s] Level 1:colcon.colcon_core.environment:checking '/home/arthur/Projects/Lidar/src/install/sllidar_ros2/lib/python3.10/site-packages'
[6.283s] Level 1:colcon.colcon_core.environment:checking '/home/arthur/Projects/Lidar/src/install/sllidar_ros2/bin'
[6.284s] INFO:colcon.colcon_core.shell:Creating package script '/home/arthur/Projects/Lidar/src/install/sllidar_ros2/share/sllidar_ros2/package.ps1'
[6.284s] INFO:colcon.colcon_core.shell:Creating package descriptor '/home/arthur/Projects/Lidar/src/install/sllidar_ros2/share/sllidar_ros2/package.dsv'
[6.284s] INFO:colcon.colcon_core.shell:Creating package script '/home/arthur/Projects/Lidar/src/install/sllidar_ros2/share/sllidar_ros2/package.sh'
[6.285s] INFO:colcon.colcon_core.shell:Creating package script '/home/arthur/Projects/Lidar/src/install/sllidar_ros2/share/sllidar_ros2/package.bash'
[6.285s] INFO:colcon.colcon_core.shell:Creating package script '/home/arthur/Projects/Lidar/src/install/sllidar_ros2/share/sllidar_ros2/package.zsh'
[6.286s] Level 1:colcon.colcon_core.environment:create_file_with_runtime_dependencies(/home/arthur/Projects/Lidar/src/install/sllidar_ros2/share/colcon-core/packages/sllidar_ros2)
[6.286s] Level 1:colcon.colcon_core.environment:create_environment_scripts_only(sllidar_ros2)
[6.286s] Level 1:colcon.colcon_core.environment:checking '/home/arthur/Projects/Lidar/src/install/sllidar_ros2' for CMake module files
[6.287s] Level 1:colcon.colcon_core.environment:checking '/home/arthur/Projects/Lidar/src/install/sllidar_ros2' for CMake config files
[6.287s] Level 1:colcon.colcon_core.shell:create_environment_hook('sllidar_ros2', 'cmake_prefix_path')
[6.287s] INFO:colcon.colcon_core.shell:Creating environment hook '/home/arthur/Projects/Lidar/src/install/sllidar_ros2/share/sllidar_ros2/hook/cmake_prefix_path.ps1'
[6.287s] INFO:colcon.colcon_core.shell:Creating environment descriptor '/home/arthur/Projects/Lidar/src/install/sllidar_ros2/share/sllidar_ros2/hook/cmake_prefix_path.dsv'
[6.287s] INFO:colcon.colcon_core.shell:Creating environment hook '/home/arthur/Projects/Lidar/src/install/sllidar_ros2/share/sllidar_ros2/hook/cmake_prefix_path.sh'
[6.287s] Level 1:colcon.colcon_core.environment:checking '/home/arthur/Projects/Lidar/src/install/sllidar_ros2/lib'
[6.287s] Level 1:colcon.colcon_core.environment:checking '/home/arthur/Projects/Lidar/src/install/sllidar_ros2/bin'
[6.288s] Level 1:colcon.colcon_core.environment:checking '/home/arthur/Projects/Lidar/src/install/sllidar_ros2/lib/pkgconfig/sllidar_ros2.pc'
[6.288s] Level 1:colcon.colcon_core.environment:checking '/home/arthur/Projects/Lidar/src/install/sllidar_ros2/lib/python3.10/site-packages'
[6.288s] Level 1:colcon.colcon_core.environment:checking '/home/arthur/Projects/Lidar/src/install/sllidar_ros2/bin'
[6.288s] INFO:colcon.colcon_core.shell:Creating package script '/home/arthur/Projects/Lidar/src/install/sllidar_ros2/share/sllidar_ros2/package.ps1'
[6.288s] INFO:colcon.colcon_core.shell:Creating package descriptor '/home/arthur/Projects/Lidar/src/install/sllidar_ros2/share/sllidar_ros2/package.dsv'
[6.288s] INFO:colcon.colcon_core.shell:Creating package script '/home/arthur/Projects/Lidar/src/install/sllidar_ros2/share/sllidar_ros2/package.sh'
[6.289s] INFO:colcon.colcon_core.shell:Creating package script '/home/arthur/Projects/Lidar/src/install/sllidar_ros2/share/sllidar_ros2/package.bash'
[6.289s] INFO:colcon.colcon_core.shell:Creating package script '/home/arthur/Projects/Lidar/src/install/sllidar_ros2/share/sllidar_ros2/package.zsh'
[6.289s] Level 1:colcon.colcon_core.environment:create_file_with_runtime_dependencies(/home/arthur/Projects/Lidar/src/install/sllidar_ros2/share/colcon-core/packages/sllidar_ros2)
[6.289s] DEBUG:colcon.colcon_parallel_executor.executor.parallel:closing loop
[6.289s] DEBUG:colcon.colcon_parallel_executor.executor.parallel:loop closed
[6.289s] DEBUG:colcon.colcon_parallel_executor.executor.parallel:run_until_complete finished with '0'
[6.289s] DEBUG:colcon.colcon_core.event_reactor:joining thread
[6.293s] INFO:colcon.colcon_core.plugin_system:Skipping extension 'colcon_notification.desktop_notification.terminal_notifier': Not used on non-Darwin systems
[6.293s] INFO:colcon.colcon_core.plugin_system:Skipping extension 'colcon_notification.desktop_notification.win32': Not used on non-Windows systems
[6.293s] INFO:colcon.colcon_notification.desktop_notification:Sending desktop notification using 'notify2'
[6.299s] DEBUG:colcon.colcon_core.event_reactor:joined thread
[6.299s] INFO:colcon.colcon_core.shell:Creating prefix script '/home/arthur/Projects/Lidar/src/install/local_setup.ps1'
[6.300s] INFO:colcon.colcon_core.shell:Creating prefix util module '/home/arthur/Projects/Lidar/src/install/_local_setup_util_ps1.py'
[6.301s] INFO:colcon.colcon_core.shell:Creating prefix chain script '/home/arthur/Projects/Lidar/src/install/setup.ps1'
[6.301s] INFO:colcon.colcon_core.shell:Creating prefix script '/home/arthur/Projects/Lidar/src/install/local_setup.sh'
[6.302s] INFO:colcon.colcon_core.shell:Creating prefix util module '/home/arthur/Projects/Lidar/src/install/_local_setup_util_sh.py'
[6.302s] INFO:colcon.colcon_core.shell:Creating prefix chain script '/home/arthur/Projects/Lidar/src/install/setup.sh'
[6.302s] INFO:colcon.colcon_core.shell:Creating prefix script '/home/arthur/Projects/Lidar/src/install/local_setup.bash'
[6.303s] INFO:colcon.colcon_core.shell:Creating prefix chain script '/home/arthur/Projects/Lidar/src/install/setup.bash'
[6.303s] INFO:colcon.colcon_core.shell:Creating prefix script '/home/arthur/Projects/Lidar/src/install/local_setup.zsh'
[6.304s] INFO:colcon.colcon_core.shell:Creating prefix chain script '/home/arthur/Projects/Lidar/src/install/setup.zsh'
