[0.094s] DEBUG:colcon:Command line arguments: ['/usr/bin/colcon', 'build']
[0.094s] DEBUG:colcon:Parsed command line arguments: Namespace(log_base=None, log_level=None, verb_name='build', build_base='build', install_base='install', merge_install=False, symlink_install=False, test_result_base=None, continue_on_error=False, executor='parallel', parallel_workers=16, event_handlers=None, ignore_user_meta=False, metas=['./colcon.meta'], base_paths=['.'], packages_ignore=None, packages_ignore_regex=None, paths=None, packages_up_to=None, packages_up_to_regex=None, packages_above=None, packages_above_and_dependencies=None, packages_above_depth=None, packages_select_by_dep=None, packages_skip_by_dep=None, packages_skip_up_to=None, packages_select_build_failed=False, packages_skip_build_finished=False, packages_select_test_failures=False, packages_skip_test_passed=False, packages_select=None, packages_skip=None, packages_select_regex=None, packages_skip_regex=None, packages_start=None, packages_end=None, allow_overriding=[], cmake_args=None, cmake_target=None, cmake_target_skip_unavailable=False, cmake_clean_cache=False, cmake_clean_first=False, cmake_force_configure=False, ament_cmake_args=None, catkin_cmake_args=None, catkin_skip_building_tests=False, mixin_files=None, mixin=None, verb_parser=<colcon_mixin.mixin.mixin_argument.MixinArgumentDecorator object at 0x74500a83ae00>, verb_extension=<colcon_core.verb.build.BuildVerb object at 0x74500a937d00>, main=<bound method BuildVerb.main of <colcon_core.verb.build.BuildVerb object at 0x74500a937d00>>, mixin_verb=('build',))
[0.176s] Level 1:colcon.colcon_core.package_discovery:discover_packages(colcon_meta) check parameters
[0.176s] Level 1:colcon.colcon_core.package_discovery:discover_packages(recursive) check parameters
[0.176s] Level 1:colcon.colcon_core.package_discovery:discover_packages(ignore) check parameters
[0.176s] Level 1:colcon.colcon_core.package_discovery:discover_packages(path) check parameters
[0.176s] Level 1:colcon.colcon_core.package_discovery:discover_packages(colcon_meta) discover
[0.176s] Level 1:colcon.colcon_core.package_discovery:discover_packages(recursive) discover
[0.176s] INFO:colcon.colcon_core.package_discovery:Crawling recursively for packages in '/home/arthur/Projects/TREEKING2K24/ROS_WS'
[0.176s] Level 1:colcon.colcon_core.package_identification:_identify(.) by extensions ['ignore', 'ignore_ament_install']
[0.176s] Level 1:colcon.colcon_core.package_identification:_identify(.) by extension 'ignore'
[0.176s] Level 1:colcon.colcon_core.package_identification:_identify(.) by extension 'ignore_ament_install'
[0.176s] Level 1:colcon.colcon_core.package_identification:_identify(.) by extensions ['colcon_pkg']
[0.177s] Level 1:colcon.colcon_core.package_identification:_identify(.) by extension 'colcon_pkg'
[0.177s] Level 1:colcon.colcon_core.package_identification:_identify(.) by extensions ['colcon_meta']
[0.177s] Level 1:colcon.colcon_core.package_identification:_identify(.) by extension 'colcon_meta'
[0.177s] Level 1:colcon.colcon_core.package_identification:_identify(.) by extensions ['ros']
[0.177s] Level 1:colcon.colcon_core.package_identification:_identify(.) by extension 'ros'
[0.183s] Level 1:colcon.colcon_core.package_identification:_identify(.) by extensions ['cmake', 'python']
[0.183s] Level 1:colcon.colcon_core.package_identification:_identify(.) by extension 'cmake'
[0.183s] Level 1:colcon.colcon_core.package_identification:_identify(.) by extension 'python'
[0.183s] Level 1:colcon.colcon_core.package_identification:_identify(.) by extensions ['python_setup_py']
[0.183s] Level 1:colcon.colcon_core.package_identification:_identify(.) by extension 'python_setup_py'
[0.183s] Level 1:colcon.colcon_core.package_identification:_identify(build) by extensions ['ignore', 'ignore_ament_install']
[0.183s] Level 1:colcon.colcon_core.package_identification:_identify(build) by extension 'ignore'
[0.184s] Level 1:colcon.colcon_core.package_identification:_identify(build) ignored
[0.184s] Level 1:colcon.colcon_core.package_identification:_identify(install) by extensions ['ignore', 'ignore_ament_install']
[0.184s] Level 1:colcon.colcon_core.package_identification:_identify(install) by extension 'ignore'
[0.184s] Level 1:colcon.colcon_core.package_identification:_identify(install) ignored
[0.184s] Level 1:colcon.colcon_core.package_identification:_identify(log) by extensions ['ignore', 'ignore_ament_install']
[0.184s] Level 1:colcon.colcon_core.package_identification:_identify(log) by extension 'ignore'
[0.184s] Level 1:colcon.colcon_core.package_identification:_identify(log) ignored
[0.184s] Level 1:colcon.colcon_core.package_identification:_identify(src) by extensions ['ignore', 'ignore_ament_install']
[0.184s] Level 1:colcon.colcon_core.package_identification:_identify(src) by extension 'ignore'
[0.184s] Level 1:colcon.colcon_core.package_identification:_identify(src) by extension 'ignore_ament_install'
[0.184s] Level 1:colcon.colcon_core.package_identification:_identify(src) by extensions ['colcon_pkg']
[0.184s] Level 1:colcon.colcon_core.package_identification:_identify(src) by extension 'colcon_pkg'
[0.184s] Level 1:colcon.colcon_core.package_identification:_identify(src) by extensions ['colcon_meta']
[0.184s] Level 1:colcon.colcon_core.package_identification:_identify(src) by extension 'colcon_meta'
[0.184s] Level 1:colcon.colcon_core.package_identification:_identify(src) by extensions ['ros']
[0.184s] Level 1:colcon.colcon_core.package_identification:_identify(src) by extension 'ros'
[0.184s] Level 1:colcon.colcon_core.package_identification:_identify(src) by extensions ['cmake', 'python']
[0.184s] Level 1:colcon.colcon_core.package_identification:_identify(src) by extension 'cmake'
[0.184s] Level 1:colcon.colcon_core.package_identification:_identify(src) by extension 'python'
[0.184s] Level 1:colcon.colcon_core.package_identification:_identify(src) by extensions ['python_setup_py']
[0.184s] Level 1:colcon.colcon_core.package_identification:_identify(src) by extension 'python_setup_py'
[0.184s] Level 1:colcon.colcon_core.package_identification:_identify(src/Lidar) by extensions ['ignore', 'ignore_ament_install']
[0.184s] Level 1:colcon.colcon_core.package_identification:_identify(src/Lidar) by extension 'ignore'
[0.184s] Level 1:colcon.colcon_core.package_identification:_identify(src/Lidar) by extension 'ignore_ament_install'
[0.184s] Level 1:colcon.colcon_core.package_identification:_identify(src/Lidar) by extensions ['colcon_pkg']
[0.184s] Level 1:colcon.colcon_core.package_identification:_identify(src/Lidar) by extension 'colcon_pkg'
[0.184s] Level 1:colcon.colcon_core.package_identification:_identify(src/Lidar) by extensions ['colcon_meta']
[0.184s] Level 1:colcon.colcon_core.package_identification:_identify(src/Lidar) by extension 'colcon_meta'
[0.184s] Level 1:colcon.colcon_core.package_identification:_identify(src/Lidar) by extensions ['ros']
[0.184s] Level 1:colcon.colcon_core.package_identification:_identify(src/Lidar) by extension 'ros'
[0.184s] Level 1:colcon.colcon_core.package_identification:_identify(src/Lidar) by extensions ['cmake', 'python']
[0.184s] Level 1:colcon.colcon_core.package_identification:_identify(src/Lidar) by extension 'cmake'
[0.184s] Level 1:colcon.colcon_core.package_identification:_identify(src/Lidar) by extension 'python'
[0.184s] Level 1:colcon.colcon_core.package_identification:_identify(src/Lidar) by extensions ['python_setup_py']
[0.184s] Level 1:colcon.colcon_core.package_identification:_identify(src/Lidar) by extension 'python_setup_py'
[0.184s] Level 1:colcon.colcon_core.package_identification:_identify(src/Lidar/build) by extensions ['ignore', 'ignore_ament_install']
[0.184s] Level 1:colcon.colcon_core.package_identification:_identify(src/Lidar/build) by extension 'ignore'
[0.184s] Level 1:colcon.colcon_core.package_identification:_identify(src/Lidar/build) ignored
[0.184s] Level 1:colcon.colcon_core.package_identification:_identify(src/Lidar/install) by extensions ['ignore', 'ignore_ament_install']
[0.185s] Level 1:colcon.colcon_core.package_identification:_identify(src/Lidar/install) by extension 'ignore'
[0.185s] Level 1:colcon.colcon_core.package_identification:_identify(src/Lidar/install) ignored
[0.185s] Level 1:colcon.colcon_core.package_identification:_identify(src/Lidar/log) by extensions ['ignore', 'ignore_ament_install']
[0.185s] Level 1:colcon.colcon_core.package_identification:_identify(src/Lidar/log) by extension 'ignore'
[0.185s] Level 1:colcon.colcon_core.package_identification:_identify(src/Lidar/log) ignored
[0.185s] Level 1:colcon.colcon_core.package_identification:_identify(src/Lidar/src) by extensions ['ignore', 'ignore_ament_install']
[0.185s] Level 1:colcon.colcon_core.package_identification:_identify(src/Lidar/src) by extension 'ignore'
[0.185s] Level 1:colcon.colcon_core.package_identification:_identify(src/Lidar/src) by extension 'ignore_ament_install'
[0.185s] Level 1:colcon.colcon_core.package_identification:_identify(src/Lidar/src) by extensions ['colcon_pkg']
[0.185s] Level 1:colcon.colcon_core.package_identification:_identify(src/Lidar/src) by extension 'colcon_pkg'
[0.185s] Level 1:colcon.colcon_core.package_identification:_identify(src/Lidar/src) by extensions ['colcon_meta']
[0.185s] Level 1:colcon.colcon_core.package_identification:_identify(src/Lidar/src) by extension 'colcon_meta'
[0.185s] Level 1:colcon.colcon_core.package_identification:_identify(src/Lidar/src) by extensions ['ros']
[0.185s] Level 1:colcon.colcon_core.package_identification:_identify(src/Lidar/src) by extension 'ros'
[0.185s] Level 1:colcon.colcon_core.package_identification:_identify(src/Lidar/src) by extensions ['cmake', 'python']
[0.185s] Level 1:colcon.colcon_core.package_identification:_identify(src/Lidar/src) by extension 'cmake'
[0.185s] Level 1:colcon.colcon_core.package_identification:_identify(src/Lidar/src) by extension 'python'
[0.185s] Level 1:colcon.colcon_core.package_identification:_identify(src/Lidar/src) by extensions ['python_setup_py']
[0.185s] Level 1:colcon.colcon_core.package_identification:_identify(src/Lidar/src) by extension 'python_setup_py'
[0.185s] Level 1:colcon.colcon_core.package_identification:_identify(src/Lidar/src/build) by extensions ['ignore', 'ignore_ament_install']
[0.185s] Level 1:colcon.colcon_core.package_identification:_identify(src/Lidar/src/build) by extension 'ignore'
[0.185s] Level 1:colcon.colcon_core.package_identification:_identify(src/Lidar/src/build) ignored
[0.185s] Level 1:colcon.colcon_core.package_identification:_identify(src/Lidar/src/install) by extensions ['ignore', 'ignore_ament_install']
[0.185s] Level 1:colcon.colcon_core.package_identification:_identify(src/Lidar/src/install) by extension 'ignore'
[0.185s] Level 1:colcon.colcon_core.package_identification:_identify(src/Lidar/src/install) ignored
[0.185s] Level 1:colcon.colcon_core.package_identification:_identify(src/Lidar/src/log) by extensions ['ignore', 'ignore_ament_install']
[0.185s] Level 1:colcon.colcon_core.package_identification:_identify(src/Lidar/src/log) by extension 'ignore'
[0.185s] Level 1:colcon.colcon_core.package_identification:_identify(src/Lidar/src/log) ignored
[0.185s] Level 1:colcon.colcon_core.package_identification:_identify(src/Lidar/src/sllidar_ros2) by extensions ['ignore', 'ignore_ament_install']
[0.185s] Level 1:colcon.colcon_core.package_identification:_identify(src/Lidar/src/sllidar_ros2) by extension 'ignore'
[0.185s] Level 1:colcon.colcon_core.package_identification:_identify(src/Lidar/src/sllidar_ros2) by extension 'ignore_ament_install'
[0.185s] Level 1:colcon.colcon_core.package_identification:_identify(src/Lidar/src/sllidar_ros2) by extensions ['colcon_pkg']
[0.185s] Level 1:colcon.colcon_core.package_identification:_identify(src/Lidar/src/sllidar_ros2) by extension 'colcon_pkg'
[0.185s] Level 1:colcon.colcon_core.package_identification:_identify(src/Lidar/src/sllidar_ros2) by extensions ['colcon_meta']
[0.185s] Level 1:colcon.colcon_core.package_identification:_identify(src/Lidar/src/sllidar_ros2) by extension 'colcon_meta'
[0.185s] Level 1:colcon.colcon_core.package_identification:_identify(src/Lidar/src/sllidar_ros2) by extensions ['ros']
[0.185s] Level 1:colcon.colcon_core.package_identification:_identify(src/Lidar/src/sllidar_ros2) by extension 'ros'
[0.187s] DEBUG:colcon.colcon_core.package_identification:Package 'src/Lidar/src/sllidar_ros2' with type 'ros.ament_cmake' and name 'sllidar_ros2'
[0.187s] Level 1:colcon.colcon_core.package_identification:_identify(src/rf2o_laser_odometry) by extensions ['ignore', 'ignore_ament_install']
[0.187s] Level 1:colcon.colcon_core.package_identification:_identify(src/rf2o_laser_odometry) by extension 'ignore'
[0.187s] Level 1:colcon.colcon_core.package_identification:_identify(src/rf2o_laser_odometry) by extension 'ignore_ament_install'
[0.187s] Level 1:colcon.colcon_core.package_identification:_identify(src/rf2o_laser_odometry) by extensions ['colcon_pkg']
[0.187s] Level 1:colcon.colcon_core.package_identification:_identify(src/rf2o_laser_odometry) by extension 'colcon_pkg'
[0.187s] Level 1:colcon.colcon_core.package_identification:_identify(src/rf2o_laser_odometry) by extensions ['colcon_meta']
[0.187s] Level 1:colcon.colcon_core.package_identification:_identify(src/rf2o_laser_odometry) by extension 'colcon_meta'
[0.187s] Level 1:colcon.colcon_core.package_identification:_identify(src/rf2o_laser_odometry) by extensions ['ros']
[0.187s] Level 1:colcon.colcon_core.package_identification:_identify(src/rf2o_laser_odometry) by extension 'ros'
[0.188s] DEBUG:colcon.colcon_core.package_identification:Package 'src/rf2o_laser_odometry' with type 'ros.ament_cmake' and name 'rf2o_laser_odometry'
[0.188s] Level 1:colcon.colcon_core.package_discovery:discover_packages(recursive) using defaults
[0.188s] Level 1:colcon.colcon_core.package_discovery:discover_packages(ignore) discover
[0.188s] Level 1:colcon.colcon_core.package_discovery:discover_packages(ignore) using defaults
[0.188s] Level 1:colcon.colcon_core.package_discovery:discover_packages(path) discover
[0.188s] Level 1:colcon.colcon_core.package_discovery:discover_packages(path) using defaults
[0.205s] Level 1:colcon.colcon_core.package_discovery:discover_packages(prefix_path) check parameters
[0.205s] Level 1:colcon.colcon_core.package_discovery:discover_packages(prefix_path) discover
[0.206s] DEBUG:colcon.colcon_installed_package_information.package_discovery:Found 1 installed packages in /home/arthur/Projects/TopicosEmRobotica/Exercise 2/install
[0.207s] DEBUG:colcon.colcon_installed_package_information.package_discovery:Found 334 installed packages in /opt/ros/humble
[0.207s] Level 1:colcon.colcon_core.package_discovery:discover_packages(prefix_path) using defaults
[0.228s] Level 5:colcon.colcon_core.verb:set package 'rf2o_laser_odometry' build argument 'cmake_args' from command line to 'None'
[0.228s] Level 5:colcon.colcon_core.verb:set package 'rf2o_laser_odometry' build argument 'cmake_target' from command line to 'None'
[0.228s] Level 5:colcon.colcon_core.verb:set package 'rf2o_laser_odometry' build argument 'cmake_target_skip_unavailable' from command line to 'False'
[0.228s] Level 5:colcon.colcon_core.verb:set package 'rf2o_laser_odometry' build argument 'cmake_clean_cache' from command line to 'False'
[0.228s] Level 5:colcon.colcon_core.verb:set package 'rf2o_laser_odometry' build argument 'cmake_clean_first' from command line to 'False'
[0.228s] Level 5:colcon.colcon_core.verb:set package 'rf2o_laser_odometry' build argument 'cmake_force_configure' from command line to 'False'
[0.228s] Level 5:colcon.colcon_core.verb:set package 'rf2o_laser_odometry' build argument 'ament_cmake_args' from command line to 'None'
[0.228s] Level 5:colcon.colcon_core.verb:set package 'rf2o_laser_odometry' build argument 'catkin_cmake_args' from command line to 'None'
[0.228s] Level 5:colcon.colcon_core.verb:set package 'rf2o_laser_odometry' build argument 'catkin_skip_building_tests' from command line to 'False'
[0.228s] DEBUG:colcon.colcon_core.verb:Building package 'rf2o_laser_odometry' with the following arguments: {'ament_cmake_args': None, 'build_base': '/home/arthur/Projects/TREEKING2K24/ROS_WS/build/rf2o_laser_odometry', 'catkin_cmake_args': None, 'catkin_skip_building_tests': False, 'cmake_args': None, 'cmake_clean_cache': False, 'cmake_clean_first': False, 'cmake_force_configure': False, 'cmake_target': None, 'cmake_target_skip_unavailable': False, 'install_base': '/home/arthur/Projects/TREEKING2K24/ROS_WS/install/rf2o_laser_odometry', 'merge_install': False, 'path': '/home/arthur/Projects/TREEKING2K24/ROS_WS/src/rf2o_laser_odometry', 'symlink_install': False, 'test_result_base': None}
[0.229s] Level 5:colcon.colcon_core.verb:set package 'sllidar_ros2' build argument 'cmake_args' from command line to 'None'
[0.229s] Level 5:colcon.colcon_core.verb:set package 'sllidar_ros2' build argument 'cmake_target' from command line to 'None'
[0.229s] Level 5:colcon.colcon_core.verb:set package 'sllidar_ros2' build argument 'cmake_target_skip_unavailable' from command line to 'False'
[0.229s] Level 5:colcon.colcon_core.verb:set package 'sllidar_ros2' build argument 'cmake_clean_cache' from command line to 'False'
[0.229s] Level 5:colcon.colcon_core.verb:set package 'sllidar_ros2' build argument 'cmake_clean_first' from command line to 'False'
[0.229s] Level 5:colcon.colcon_core.verb:set package 'sllidar_ros2' build argument 'cmake_force_configure' from command line to 'False'
[0.229s] Level 5:colcon.colcon_core.verb:set package 'sllidar_ros2' build argument 'ament_cmake_args' from command line to 'None'
[0.229s] Level 5:colcon.colcon_core.verb:set package 'sllidar_ros2' build argument 'catkin_cmake_args' from command line to 'None'
[0.229s] Level 5:colcon.colcon_core.verb:set package 'sllidar_ros2' build argument 'catkin_skip_building_tests' from command line to 'False'
[0.229s] DEBUG:colcon.colcon_core.verb:Building package 'sllidar_ros2' with the following arguments: {'ament_cmake_args': None, 'build_base': '/home/arthur/Projects/TREEKING2K24/ROS_WS/build/sllidar_ros2', 'catkin_cmake_args': None, 'catkin_skip_building_tests': False, 'cmake_args': None, 'cmake_clean_cache': False, 'cmake_clean_first': False, 'cmake_force_configure': False, 'cmake_target': None, 'cmake_target_skip_unavailable': False, 'install_base': '/home/arthur/Projects/TREEKING2K24/ROS_WS/install/sllidar_ros2', 'merge_install': False, 'path': '/home/arthur/Projects/TREEKING2K24/ROS_WS/src/Lidar/src/sllidar_ros2', 'symlink_install': False, 'test_result_base': None}
[0.229s] INFO:colcon.colcon_core.executor:Executing jobs using 'parallel' executor
[0.230s] DEBUG:colcon.colcon_parallel_executor.executor.parallel:run_until_complete
[0.230s] INFO:colcon.colcon_ros.task.ament_cmake.build:Building ROS package in '/home/arthur/Projects/TREEKING2K24/ROS_WS/src/rf2o_laser_odometry' with build type 'ament_cmake'
[0.230s] INFO:colcon.colcon_cmake.task.cmake.build:Building CMake package in '/home/arthur/Projects/TREEKING2K24/ROS_WS/src/rf2o_laser_odometry'
[0.231s] INFO:colcon.colcon_core.plugin_system:Skipping extension 'colcon_core.shell.bat': Not used on non-Windows systems
[0.231s] INFO:colcon.colcon_core.shell:Skip shell extension 'powershell' for command environment: Not usable outside of PowerShell
[0.231s] DEBUG:colcon.colcon_core.shell:Skip shell extension 'dsv' for command environment
[0.233s] INFO:colcon.colcon_ros.task.ament_cmake.build:Building ROS package in '/home/arthur/Projects/TREEKING2K24/ROS_WS/src/Lidar/src/sllidar_ros2' with build type 'ament_cmake'
[0.233s] INFO:colcon.colcon_cmake.task.cmake.build:Building CMake package in '/home/arthur/Projects/TREEKING2K24/ROS_WS/src/Lidar/src/sllidar_ros2'
[0.233s] INFO:colcon.colcon_core.shell:Skip shell extension 'powershell' for command environment: Not usable outside of PowerShell
[0.233s] DEBUG:colcon.colcon_core.shell:Skip shell extension 'dsv' for command environment
[0.238s] DEBUG:colcon.colcon_core.event_handler.log_command:Invoking command in '/home/arthur/Projects/TREEKING2K24/ROS_WS/build/rf2o_laser_odometry': CMAKE_PREFIX_PATH=${CMAKE_PREFIX_PATH}:/opt/ros/humble /usr/bin/cmake /home/arthur/Projects/TREEKING2K24/ROS_WS/src/rf2o_laser_odometry -DCMAKE_INSTALL_PREFIX=/home/arthur/Projects/TREEKING2K24/ROS_WS/install/rf2o_laser_odometry
[0.240s] DEBUG:colcon.colcon_core.event_handler.log_command:Invoking command in '/home/arthur/Projects/TREEKING2K24/ROS_WS/build/sllidar_ros2': CMAKE_PREFIX_PATH=${CMAKE_PREFIX_PATH}:/opt/ros/humble /usr/bin/cmake /home/arthur/Projects/TREEKING2K24/ROS_WS/src/Lidar/src/sllidar_ros2 -DCMAKE_INSTALL_PREFIX=/home/arthur/Projects/TREEKING2K24/ROS_WS/install/sllidar_ros2
[1.773s] DEBUG:colcon.colcon_core.event_handler.log_command:Invoked command in '/home/arthur/Projects/TREEKING2K24/ROS_WS/build/sllidar_ros2' returned '0': CMAKE_PREFIX_PATH=${CMAKE_PREFIX_PATH}:/opt/ros/humble /usr/bin/cmake /home/arthur/Projects/TREEKING2K24/ROS_WS/src/Lidar/src/sllidar_ros2 -DCMAKE_INSTALL_PREFIX=/home/arthur/Projects/TREEKING2K24/ROS_WS/install/sllidar_ros2
[1.774s] DEBUG:colcon.colcon_core.event_handler.log_command:Invoking command in '/home/arthur/Projects/TREEKING2K24/ROS_WS/build/sllidar_ros2': CMAKE_PREFIX_PATH=${CMAKE_PREFIX_PATH}:/opt/ros/humble /usr/bin/cmake --build /home/arthur/Projects/TREEKING2K24/ROS_WS/build/sllidar_ros2 -- -j16 -l16
[1.951s] DEBUG:colcon.colcon_core.event_handler.log_command:Invoked command in '/home/arthur/Projects/TREEKING2K24/ROS_WS/build/rf2o_laser_odometry' returned '0': CMAKE_PREFIX_PATH=${CMAKE_PREFIX_PATH}:/opt/ros/humble /usr/bin/cmake /home/arthur/Projects/TREEKING2K24/ROS_WS/src/rf2o_laser_odometry -DCMAKE_INSTALL_PREFIX=/home/arthur/Projects/TREEKING2K24/ROS_WS/install/rf2o_laser_odometry
[1.951s] DEBUG:colcon.colcon_core.event_handler.log_command:Invoking command in '/home/arthur/Projects/TREEKING2K24/ROS_WS/build/rf2o_laser_odometry': CMAKE_PREFIX_PATH=${CMAKE_PREFIX_PATH}:/opt/ros/humble /usr/bin/cmake --build /home/arthur/Projects/TREEKING2K24/ROS_WS/build/rf2o_laser_odometry -- -j16 -l16
[7.638s] DEBUG:colcon.colcon_core.event_handler.log_command:Invoked command in '/home/arthur/Projects/TREEKING2K24/ROS_WS/build/sllidar_ros2' returned '0': CMAKE_PREFIX_PATH=${CMAKE_PREFIX_PATH}:/opt/ros/humble /usr/bin/cmake --build /home/arthur/Projects/TREEKING2K24/ROS_WS/build/sllidar_ros2 -- -j16 -l16
[7.647s] DEBUG:colcon.colcon_core.event_handler.log_command:Invoking command in '/home/arthur/Projects/TREEKING2K24/ROS_WS/build/sllidar_ros2': CMAKE_PREFIX_PATH=${CMAKE_PREFIX_PATH}:/opt/ros/humble /usr/bin/cmake --install /home/arthur/Projects/TREEKING2K24/ROS_WS/build/sllidar_ros2
[7.659s] Level 1:colcon.colcon_core.environment:create_environment_scripts_only(sllidar_ros2)
[7.660s] DEBUG:colcon.colcon_core.event_handler.log_command:Invoked command in '/home/arthur/Projects/TREEKING2K24/ROS_WS/build/sllidar_ros2' returned '0': CMAKE_PREFIX_PATH=${CMAKE_PREFIX_PATH}:/opt/ros/humble /usr/bin/cmake --install /home/arthur/Projects/TREEKING2K24/ROS_WS/build/sllidar_ros2
[7.661s] Level 1:colcon.colcon_core.environment:checking '/home/arthur/Projects/TREEKING2K24/ROS_WS/install/sllidar_ros2' for CMake module files
[7.661s] Level 1:colcon.colcon_core.environment:checking '/home/arthur/Projects/TREEKING2K24/ROS_WS/install/sllidar_ros2' for CMake config files
[7.661s] Level 1:colcon.colcon_core.shell:create_environment_hook('sllidar_ros2', 'cmake_prefix_path')
[7.661s] INFO:colcon.colcon_core.shell:Creating environment hook '/home/arthur/Projects/TREEKING2K24/ROS_WS/install/sllidar_ros2/share/sllidar_ros2/hook/cmake_prefix_path.ps1'
[7.662s] INFO:colcon.colcon_core.shell:Creating environment descriptor '/home/arthur/Projects/TREEKING2K24/ROS_WS/install/sllidar_ros2/share/sllidar_ros2/hook/cmake_prefix_path.dsv'
[7.662s] INFO:colcon.colcon_core.shell:Creating environment hook '/home/arthur/Projects/TREEKING2K24/ROS_WS/install/sllidar_ros2/share/sllidar_ros2/hook/cmake_prefix_path.sh'
[7.663s] Level 1:colcon.colcon_core.environment:checking '/home/arthur/Projects/TREEKING2K24/ROS_WS/install/sllidar_ros2/lib'
[7.663s] Level 1:colcon.colcon_core.environment:checking '/home/arthur/Projects/TREEKING2K24/ROS_WS/install/sllidar_ros2/bin'
[7.663s] Level 1:colcon.colcon_core.environment:checking '/home/arthur/Projects/TREEKING2K24/ROS_WS/install/sllidar_ros2/lib/pkgconfig/sllidar_ros2.pc'
[7.663s] Level 1:colcon.colcon_core.environment:checking '/home/arthur/Projects/TREEKING2K24/ROS_WS/install/sllidar_ros2/lib/python3.10/site-packages'
[7.663s] Level 1:colcon.colcon_core.environment:checking '/home/arthur/Projects/TREEKING2K24/ROS_WS/install/sllidar_ros2/bin'
[7.663s] INFO:colcon.colcon_core.shell:Creating package script '/home/arthur/Projects/TREEKING2K24/ROS_WS/install/sllidar_ros2/share/sllidar_ros2/package.ps1'
[7.664s] INFO:colcon.colcon_core.shell:Creating package descriptor '/home/arthur/Projects/TREEKING2K24/ROS_WS/install/sllidar_ros2/share/sllidar_ros2/package.dsv'
[7.664s] INFO:colcon.colcon_core.shell:Creating package script '/home/arthur/Projects/TREEKING2K24/ROS_WS/install/sllidar_ros2/share/sllidar_ros2/package.sh'
[7.664s] INFO:colcon.colcon_core.shell:Creating package script '/home/arthur/Projects/TREEKING2K24/ROS_WS/install/sllidar_ros2/share/sllidar_ros2/package.bash'
[7.665s] INFO:colcon.colcon_core.shell:Creating package script '/home/arthur/Projects/TREEKING2K24/ROS_WS/install/sllidar_ros2/share/sllidar_ros2/package.zsh'
[7.665s] Level 1:colcon.colcon_core.environment:create_file_with_runtime_dependencies(/home/arthur/Projects/TREEKING2K24/ROS_WS/install/sllidar_ros2/share/colcon-core/packages/sllidar_ros2)
[7.665s] Level 1:colcon.colcon_core.environment:create_environment_scripts_only(sllidar_ros2)
[7.665s] Level 1:colcon.colcon_core.environment:checking '/home/arthur/Projects/TREEKING2K24/ROS_WS/install/sllidar_ros2' for CMake module files
[7.666s] Level 1:colcon.colcon_core.environment:checking '/home/arthur/Projects/TREEKING2K24/ROS_WS/install/sllidar_ros2' for CMake config files
[7.666s] Level 1:colcon.colcon_core.shell:create_environment_hook('sllidar_ros2', 'cmake_prefix_path')
[7.666s] INFO:colcon.colcon_core.shell:Creating environment hook '/home/arthur/Projects/TREEKING2K24/ROS_WS/install/sllidar_ros2/share/sllidar_ros2/hook/cmake_prefix_path.ps1'
[7.666s] INFO:colcon.colcon_core.shell:Creating environment descriptor '/home/arthur/Projects/TREEKING2K24/ROS_WS/install/sllidar_ros2/share/sllidar_ros2/hook/cmake_prefix_path.dsv'
[7.666s] INFO:colcon.colcon_core.shell:Creating environment hook '/home/arthur/Projects/TREEKING2K24/ROS_WS/install/sllidar_ros2/share/sllidar_ros2/hook/cmake_prefix_path.sh'
[7.667s] Level 1:colcon.colcon_core.environment:checking '/home/arthur/Projects/TREEKING2K24/ROS_WS/install/sllidar_ros2/lib'
[7.667s] Level 1:colcon.colcon_core.environment:checking '/home/arthur/Projects/TREEKING2K24/ROS_WS/install/sllidar_ros2/bin'
[7.667s] Level 1:colcon.colcon_core.environment:checking '/home/arthur/Projects/TREEKING2K24/ROS_WS/install/sllidar_ros2/lib/pkgconfig/sllidar_ros2.pc'
[7.667s] Level 1:colcon.colcon_core.environment:checking '/home/arthur/Projects/TREEKING2K24/ROS_WS/install/sllidar_ros2/lib/python3.10/site-packages'
[7.667s] Level 1:colcon.colcon_core.environment:checking '/home/arthur/Projects/TREEKING2K24/ROS_WS/install/sllidar_ros2/bin'
[7.667s] INFO:colcon.colcon_core.shell:Creating package script '/home/arthur/Projects/TREEKING2K24/ROS_WS/install/sllidar_ros2/share/sllidar_ros2/package.ps1'
[7.667s] INFO:colcon.colcon_core.shell:Creating package descriptor '/home/arthur/Projects/TREEKING2K24/ROS_WS/install/sllidar_ros2/share/sllidar_ros2/package.dsv'
[7.668s] INFO:colcon.colcon_core.shell:Creating package script '/home/arthur/Projects/TREEKING2K24/ROS_WS/install/sllidar_ros2/share/sllidar_ros2/package.sh'
[7.668s] INFO:colcon.colcon_core.shell:Creating package script '/home/arthur/Projects/TREEKING2K24/ROS_WS/install/sllidar_ros2/share/sllidar_ros2/package.bash'
[7.668s] INFO:colcon.colcon_core.shell:Creating package script '/home/arthur/Projects/TREEKING2K24/ROS_WS/install/sllidar_ros2/share/sllidar_ros2/package.zsh'
[7.668s] Level 1:colcon.colcon_core.environment:create_file_with_runtime_dependencies(/home/arthur/Projects/TREEKING2K24/ROS_WS/install/sllidar_ros2/share/colcon-core/packages/sllidar_ros2)
[15.748s] DEBUG:colcon.colcon_core.event_handler.log_command:Invoked command in '/home/arthur/Projects/TREEKING2K24/ROS_WS/build/rf2o_laser_odometry' returned '0': CMAKE_PREFIX_PATH=${CMAKE_PREFIX_PATH}:/opt/ros/humble /usr/bin/cmake --build /home/arthur/Projects/TREEKING2K24/ROS_WS/build/rf2o_laser_odometry -- -j16 -l16
[15.751s] DEBUG:colcon.colcon_core.event_handler.log_command:Invoking command in '/home/arthur/Projects/TREEKING2K24/ROS_WS/build/rf2o_laser_odometry': CMAKE_PREFIX_PATH=${CMAKE_PREFIX_PATH}:/opt/ros/humble /usr/bin/cmake --install /home/arthur/Projects/TREEKING2K24/ROS_WS/build/rf2o_laser_odometry
[15.777s] Level 1:colcon.colcon_core.environment:create_environment_scripts_only(rf2o_laser_odometry)
[15.778s] Level 1:colcon.colcon_core.environment:checking '/home/arthur/Projects/TREEKING2K24/ROS_WS/install/rf2o_laser_odometry' for CMake module files
[15.778s] DEBUG:colcon.colcon_core.event_handler.log_command:Invoked command in '/home/arthur/Projects/TREEKING2K24/ROS_WS/build/rf2o_laser_odometry' returned '0': CMAKE_PREFIX_PATH=${CMAKE_PREFIX_PATH}:/opt/ros/humble /usr/bin/cmake --install /home/arthur/Projects/TREEKING2K24/ROS_WS/build/rf2o_laser_odometry
[15.779s] Level 1:colcon.colcon_core.environment:checking '/home/arthur/Projects/TREEKING2K24/ROS_WS/install/rf2o_laser_odometry' for CMake config files
[15.779s] Level 1:colcon.colcon_core.shell:create_environment_hook('rf2o_laser_odometry', 'cmake_prefix_path')
[15.779s] INFO:colcon.colcon_core.shell:Creating environment hook '/home/arthur/Projects/TREEKING2K24/ROS_WS/install/rf2o_laser_odometry/share/rf2o_laser_odometry/hook/cmake_prefix_path.ps1'
[15.780s] INFO:colcon.colcon_core.shell:Creating environment descriptor '/home/arthur/Projects/TREEKING2K24/ROS_WS/install/rf2o_laser_odometry/share/rf2o_laser_odometry/hook/cmake_prefix_path.dsv'
[15.781s] INFO:colcon.colcon_core.shell:Creating environment hook '/home/arthur/Projects/TREEKING2K24/ROS_WS/install/rf2o_laser_odometry/share/rf2o_laser_odometry/hook/cmake_prefix_path.sh'
[15.781s] Level 1:colcon.colcon_core.environment:checking '/home/arthur/Projects/TREEKING2K24/ROS_WS/install/rf2o_laser_odometry/lib'
[15.782s] Level 1:colcon.colcon_core.environment:checking '/home/arthur/Projects/TREEKING2K24/ROS_WS/install/rf2o_laser_odometry/bin'
[15.782s] Level 1:colcon.colcon_core.environment:checking '/home/arthur/Projects/TREEKING2K24/ROS_WS/install/rf2o_laser_odometry/lib/pkgconfig/rf2o_laser_odometry.pc'
[15.782s] Level 1:colcon.colcon_core.environment:checking '/home/arthur/Projects/TREEKING2K24/ROS_WS/install/rf2o_laser_odometry/lib/python3.10/site-packages'
[15.782s] Level 1:colcon.colcon_core.environment:checking '/home/arthur/Projects/TREEKING2K24/ROS_WS/install/rf2o_laser_odometry/bin'
[15.783s] INFO:colcon.colcon_core.shell:Creating package script '/home/arthur/Projects/TREEKING2K24/ROS_WS/install/rf2o_laser_odometry/share/rf2o_laser_odometry/package.ps1'
[15.783s] INFO:colcon.colcon_core.shell:Creating package descriptor '/home/arthur/Projects/TREEKING2K24/ROS_WS/install/rf2o_laser_odometry/share/rf2o_laser_odometry/package.dsv'
[15.784s] INFO:colcon.colcon_core.shell:Creating package script '/home/arthur/Projects/TREEKING2K24/ROS_WS/install/rf2o_laser_odometry/share/rf2o_laser_odometry/package.sh'
[15.784s] INFO:colcon.colcon_core.shell:Creating package script '/home/arthur/Projects/TREEKING2K24/ROS_WS/install/rf2o_laser_odometry/share/rf2o_laser_odometry/package.bash'
[15.785s] INFO:colcon.colcon_core.shell:Creating package script '/home/arthur/Projects/TREEKING2K24/ROS_WS/install/rf2o_laser_odometry/share/rf2o_laser_odometry/package.zsh'
[15.785s] Level 1:colcon.colcon_core.environment:create_file_with_runtime_dependencies(/home/arthur/Projects/TREEKING2K24/ROS_WS/install/rf2o_laser_odometry/share/colcon-core/packages/rf2o_laser_odometry)
[15.786s] Level 1:colcon.colcon_core.environment:create_environment_scripts_only(rf2o_laser_odometry)
[15.786s] Level 1:colcon.colcon_core.environment:checking '/home/arthur/Projects/TREEKING2K24/ROS_WS/install/rf2o_laser_odometry' for CMake module files
[15.787s] Level 1:colcon.colcon_core.environment:checking '/home/arthur/Projects/TREEKING2K24/ROS_WS/install/rf2o_laser_odometry' for CMake config files
[15.787s] Level 1:colcon.colcon_core.shell:create_environment_hook('rf2o_laser_odometry', 'cmake_prefix_path')
[15.787s] INFO:colcon.colcon_core.shell:Creating environment hook '/home/arthur/Projects/TREEKING2K24/ROS_WS/install/rf2o_laser_odometry/share/rf2o_laser_odometry/hook/cmake_prefix_path.ps1'
[15.788s] INFO:colcon.colcon_core.shell:Creating environment descriptor '/home/arthur/Projects/TREEKING2K24/ROS_WS/install/rf2o_laser_odometry/share/rf2o_laser_odometry/hook/cmake_prefix_path.dsv'
[15.788s] INFO:colcon.colcon_core.shell:Creating environment hook '/home/arthur/Projects/TREEKING2K24/ROS_WS/install/rf2o_laser_odometry/share/rf2o_laser_odometry/hook/cmake_prefix_path.sh'
[15.789s] Level 1:colcon.colcon_core.environment:checking '/home/arthur/Projects/TREEKING2K24/ROS_WS/install/rf2o_laser_odometry/lib'
[15.789s] Level 1:colcon.colcon_core.environment:checking '/home/arthur/Projects/TREEKING2K24/ROS_WS/install/rf2o_laser_odometry/bin'
[15.789s] Level 1:colcon.colcon_core.environment:checking '/home/arthur/Projects/TREEKING2K24/ROS_WS/install/rf2o_laser_odometry/lib/pkgconfig/rf2o_laser_odometry.pc'
[15.790s] Level 1:colcon.colcon_core.environment:checking '/home/arthur/Projects/TREEKING2K24/ROS_WS/install/rf2o_laser_odometry/lib/python3.10/site-packages'
[15.790s] Level 1:colcon.colcon_core.environment:checking '/home/arthur/Projects/TREEKING2K24/ROS_WS/install/rf2o_laser_odometry/bin'
[15.790s] INFO:colcon.colcon_core.shell:Creating package script '/home/arthur/Projects/TREEKING2K24/ROS_WS/install/rf2o_laser_odometry/share/rf2o_laser_odometry/package.ps1'
[15.791s] INFO:colcon.colcon_core.shell:Creating package descriptor '/home/arthur/Projects/TREEKING2K24/ROS_WS/install/rf2o_laser_odometry/share/rf2o_laser_odometry/package.dsv'
[15.792s] INFO:colcon.colcon_core.shell:Creating package script '/home/arthur/Projects/TREEKING2K24/ROS_WS/install/rf2o_laser_odometry/share/rf2o_laser_odometry/package.sh'
[15.792s] INFO:colcon.colcon_core.shell:Creating package script '/home/arthur/Projects/TREEKING2K24/ROS_WS/install/rf2o_laser_odometry/share/rf2o_laser_odometry/package.bash'
[15.793s] INFO:colcon.colcon_core.shell:Creating package script '/home/arthur/Projects/TREEKING2K24/ROS_WS/install/rf2o_laser_odometry/share/rf2o_laser_odometry/package.zsh'
[15.793s] Level 1:colcon.colcon_core.environment:create_file_with_runtime_dependencies(/home/arthur/Projects/TREEKING2K24/ROS_WS/install/rf2o_laser_odometry/share/colcon-core/packages/rf2o_laser_odometry)
[15.794s] DEBUG:colcon.colcon_parallel_executor.executor.parallel:closing loop
[15.794s] DEBUG:colcon.colcon_parallel_executor.executor.parallel:loop closed
[15.794s] DEBUG:colcon.colcon_parallel_executor.executor.parallel:run_until_complete finished with '0'
[15.794s] DEBUG:colcon.colcon_core.event_reactor:joining thread
[15.801s] INFO:colcon.colcon_core.plugin_system:Skipping extension 'colcon_notification.desktop_notification.terminal_notifier': Not used on non-Darwin systems
[15.802s] INFO:colcon.colcon_core.plugin_system:Skipping extension 'colcon_notification.desktop_notification.win32': Not used on non-Windows systems
[15.802s] INFO:colcon.colcon_notification.desktop_notification:Sending desktop notification using 'notify2'
[15.819s] DEBUG:colcon.colcon_core.event_reactor:joined thread
[15.819s] INFO:colcon.colcon_core.shell:Creating prefix script '/home/arthur/Projects/TREEKING2K24/ROS_WS/install/local_setup.ps1'
[15.821s] INFO:colcon.colcon_core.shell:Creating prefix util module '/home/arthur/Projects/TREEKING2K24/ROS_WS/install/_local_setup_util_ps1.py'
[15.823s] INFO:colcon.colcon_core.shell:Creating prefix chain script '/home/arthur/Projects/TREEKING2K24/ROS_WS/install/setup.ps1'
[15.824s] INFO:colcon.colcon_core.shell:Creating prefix script '/home/arthur/Projects/TREEKING2K24/ROS_WS/install/local_setup.sh'
[15.825s] INFO:colcon.colcon_core.shell:Creating prefix util module '/home/arthur/Projects/TREEKING2K24/ROS_WS/install/_local_setup_util_sh.py'
[15.826s] INFO:colcon.colcon_core.shell:Creating prefix chain script '/home/arthur/Projects/TREEKING2K24/ROS_WS/install/setup.sh'
[15.827s] INFO:colcon.colcon_core.shell:Creating prefix script '/home/arthur/Projects/TREEKING2K24/ROS_WS/install/local_setup.bash'
[15.828s] INFO:colcon.colcon_core.shell:Creating prefix chain script '/home/arthur/Projects/TREEKING2K24/ROS_WS/install/setup.bash'
[15.829s] INFO:colcon.colcon_core.shell:Creating prefix script '/home/arthur/Projects/TREEKING2K24/ROS_WS/install/local_setup.zsh'
[15.830s] INFO:colcon.colcon_core.shell:Creating prefix chain script '/home/arthur/Projects/TREEKING2K24/ROS_WS/install/setup.zsh'
