[0.005s] Invoking command in '/home/arthur/Projects/Lidar/src/build/sllidar_ros2': /usr/bin/cmake /home/arthur/Projects/Lidar/src/sllidar_ros2 -DAMENT_CMAKE_SYMLINK_INSTALL=1 -DCMAKE_INSTALL_PREFIX=/home/arthur/Projects/Lidar/src/install/sllidar_ros2
[0.014s] -- Found ament_cmake: 1.3.11 (/opt/ros/humble/share/ament_cmake/cmake)
[0.087s] Traceback (most recent call last):
[0.088s]   File "/opt/ros/humble/share/ament_cmake_core/cmake/package_templates/templates_2_cmake.py", line 21, in <module>
[0.088s]     from ament_package.templates import get_environment_hook_template_path
[0.088s] ModuleNotFoundError: No module named 'ament_package'
[0.094s] [31mCMake Error at /opt/ros/humble/share/ament_cmake_core/cmake/ament_cmake_package_templates-extras.cmake:41 (message):
[0.094s]   execute_process(/usr/bin/python3
[0.094s]   /opt/ros/humble/share/ament_cmake_core/cmake/package_templates/templates_2_cmake.py
[0.094s]   /home/arthur/Projects/Lidar/src/build/sllidar_ros2/ament_cmake_package_templates/templates.cmake)
[0.094s]   returned error code 1
[0.094s] Call Stack (most recent call first):
[0.094s]   /opt/ros/humble/share/ament_cmake_core/cmake/ament_cmake_coreConfig.cmake:41 (include)
[0.094s]   /opt/ros/humble/share/ament_cmake/cmake/ament_cmake_export_dependencies-extras.cmake:15 (find_package)
[0.094s]   /opt/ros/humble/share/ament_cmake/cmake/ament_cmakeConfig.cmake:41 (include)
[0.094s]   CMakeLists.txt:34 (find_package)
[0.094s] 
[0.094s] [0m
[0.094s] -- Configuring incomplete, errors occurred!
[0.094s] See also "/home/arthur/Projects/Lidar/src/build/sllidar_ros2/CMakeFiles/CMakeOutput.log".
[0.096s] Invoked command in '/home/arthur/Projects/Lidar/src/build/sllidar_ros2' returned '1': /usr/bin/cmake /home/arthur/Projects/Lidar/src/sllidar_ros2 -DAMENT_CMAKE_SYMLINK_INSTALL=1 -DCMAKE_INSTALL_PREFIX=/home/arthur/Projects/Lidar/src/install/sllidar_ros2
