[0.007s] Invoking command in '/home/arthur/Projects/TREEKING2K24/ROS_WS/build/rf2o_laser_odometry': CMAKE_PREFIX_PATH=${CMAKE_PREFIX_PATH}:/opt/ros/humble /usr/bin/cmake /home/arthur/Projects/TREEKING2K24/ROS_WS/src/rf2o_laser_odometry -DCMAKE_INSTALL_PREFIX=/home/arthur/Projects/TREEKING2K24/ROS_WS/install/rf2o_laser_odometry
[0.097s] -- The C compiler identification is GNU 11.4.0
[0.207s] -- The CXX compiler identification is GNU 11.4.0
[0.220s] -- Detecting C compiler ABI info
[0.348s] -- Detecting C compiler ABI info - done
[0.363s] -- Check for working C compiler: /usr/bin/cc - skipped
[0.364s] -- Detecting C compile features
[0.365s] -- Detecting C compile features - done
[0.370s] -- Detecting CXX compiler ABI info
[0.520s] -- Detecting CXX compiler ABI info - done
[0.536s] -- Check for working CXX compiler: /usr/bin/c++ - skipped
[0.536s] -- Detecting CXX compile features
[0.538s] -- Detecting CXX compile features - done
[0.541s] -- Found ament_cmake: 1.3.11 (/opt/ros/humble/share/ament_cmake/cmake)
[0.836s] -- Found Python3: /usr/bin/python3 (found version "3.10.12") found components: Interpreter 
[0.961s] -- Found rclcpp: 16.0.11 (/opt/ros/humble/share/rclcpp/cmake)
[1.030s] -- Found rosidl_generator_c: 3.1.6 (/opt/ros/humble/share/rosidl_generator_c/cmake)
[1.038s] -- Found rosidl_adapter: 3.1.6 (/opt/ros/humble/share/rosidl_adapter/cmake)
[1.049s] -- Found rosidl_generator_cpp: 3.1.6 (/opt/ros/humble/share/rosidl_generator_cpp/cmake)
[1.061s] -- Using all available rosidl_typesupport_c: rosidl_typesupport_fastrtps_c;rosidl_typesupport_introspection_c
[1.073s] -- Using all available rosidl_typesupport_cpp: rosidl_typesupport_fastrtps_cpp;rosidl_typesupport_introspection_cpp
[1.098s] -- Found rmw_implementation_cmake: 6.1.2 (/opt/ros/humble/share/rmw_implementation_cmake/cmake)
[1.099s] -- Found rmw_cyclonedds_cpp: 1.3.4 (/opt/ros/humble/share/rmw_cyclonedds_cpp/cmake)
[1.110s] -- Using RMW implementation 'rmw_cyclonedds_cpp' as default
[1.115s] -- Looking for pthread.h
[1.227s] -- Looking for pthread.h - found
[1.227s] -- Performing Test CMAKE_HAVE_LIBC_PTHREAD
[1.357s] -- Performing Test CMAKE_HAVE_LIBC_PTHREAD - Success
[1.359s] -- Found Threads: TRUE  
[1.451s] -- Found geometry_msgs: 4.2.4 (/opt/ros/humble/share/geometry_msgs/cmake)
[1.465s] -- Found tf2_geometry_msgs: 0.25.9 (/opt/ros/humble/share/tf2_geometry_msgs/cmake)
[1.474s] -- Found eigen3_cmake_module: 0.1.1 (/opt/ros/humble/share/eigen3_cmake_module/cmake)
[1.475s] -- Found Eigen3: TRUE (found version "3.4.0") 
[1.475s] -- Ensuring Eigen3 include directory is part of orocos-kdl CMake target
[1.534s] -- Found sensor_msgs: 4.2.4 (/opt/ros/humble/share/sensor_msgs/cmake)
[1.544s] -- Found nav_msgs: 4.2.4 (/opt/ros/humble/share/nav_msgs/cmake)
[1.558s] -- Found Boost: /usr/lib/x86_64-linux-gnu/cmake/Boost-1.74.0/BoostConfig.cmake (found version "1.74.0")  
[1.661s] -- Configuring done
[1.694s] -- Generating done
[1.702s] -- Build files have been written to: /home/arthur/Projects/TREEKING2K24/ROS_WS/build/rf2o_laser_odometry
[1.721s] Invoked command in '/home/arthur/Projects/TREEKING2K24/ROS_WS/build/rf2o_laser_odometry' returned '0': CMAKE_PREFIX_PATH=${CMAKE_PREFIX_PATH}:/opt/ros/humble /usr/bin/cmake /home/arthur/Projects/TREEKING2K24/ROS_WS/src/rf2o_laser_odometry -DCMAKE_INSTALL_PREFIX=/home/arthur/Projects/TREEKING2K24/ROS_WS/install/rf2o_laser_odometry
[1.721s] Invoking command in '/home/arthur/Projects/TREEKING2K24/ROS_WS/build/rf2o_laser_odometry': CMAKE_PREFIX_PATH=${CMAKE_PREFIX_PATH}:/opt/ros/humble /usr/bin/cmake --build /home/arthur/Projects/TREEKING2K24/ROS_WS/build/rf2o_laser_odometry -- -j16 -l16
[1.776s] [ 20%] [32mBuilding CXX object CMakeFiles/rf2o_laser_odometry_node.dir/src/CLaserOdometry2DNode.cpp.o[0m
[1.781s] [ 40%] [32mBuilding CXX object CMakeFiles/rf2o_laser_odometry_node.dir/src/CLaserOdometry2D.cpp.o[0m
[1.790s] [ 60%] [32mBuilding CXX object CMakeFiles/rf2o_laser_odometry.dir/src/CLaserOdometry2D.cpp.o[0m
[14.755s] [ 80%] [32m[1mLinking CXX executable rf2o_laser_odometry_node[0m
[15.269s] [100%] [32m[1mLinking CXX static library librf2o_laser_odometry.a[0m
[15.439s] [100%] Built target rf2o_laser_odometry
[15.507s] [100%] Built target rf2o_laser_odometry_node
[15.518s] Invoked command in '/home/arthur/Projects/TREEKING2K24/ROS_WS/build/rf2o_laser_odometry' returned '0': CMAKE_PREFIX_PATH=${CMAKE_PREFIX_PATH}:/opt/ros/humble /usr/bin/cmake --build /home/arthur/Projects/TREEKING2K24/ROS_WS/build/rf2o_laser_odometry -- -j16 -l16
[15.520s] Invoking command in '/home/arthur/Projects/TREEKING2K24/ROS_WS/build/rf2o_laser_odometry': CMAKE_PREFIX_PATH=${CMAKE_PREFIX_PATH}:/opt/ros/humble /usr/bin/cmake --install /home/arthur/Projects/TREEKING2K24/ROS_WS/build/rf2o_laser_odometry
[15.532s] -- Install configuration: ""
[15.532s] -- Installing: /home/arthur/Projects/TREEKING2K24/ROS_WS/install/rf2o_laser_odometry/lib/rf2o_laser_odometry/rf2o_laser_odometry_node
[15.543s] -- Set runtime path of "/home/arthur/Projects/TREEKING2K24/ROS_WS/install/rf2o_laser_odometry/lib/rf2o_laser_odometry/rf2o_laser_odometry_node" to ""
[15.543s] -- Installing: /home/arthur/Projects/TREEKING2K24/ROS_WS/install/rf2o_laser_odometry/share/rf2o_laser_odometry/launch
[15.543s] -- Installing: /home/arthur/Projects/TREEKING2K24/ROS_WS/install/rf2o_laser_odometry/share/rf2o_laser_odometry/launch/rf2o_laser_odometry.launch.py
[15.543s] -- Installing: /home/arthur/Projects/TREEKING2K24/ROS_WS/install/rf2o_laser_odometry/share/ament_index/resource_index/package_run_dependencies/rf2o_laser_odometry
[15.543s] -- Installing: /home/arthur/Projects/TREEKING2K24/ROS_WS/install/rf2o_laser_odometry/share/ament_index/resource_index/parent_prefix_path/rf2o_laser_odometry
[15.544s] -- Installing: /home/arthur/Projects/TREEKING2K24/ROS_WS/install/rf2o_laser_odometry/share/rf2o_laser_odometry/environment/ament_prefix_path.sh
[15.544s] -- Installing: /home/arthur/Projects/TREEKING2K24/ROS_WS/install/rf2o_laser_odometry/share/rf2o_laser_odometry/environment/ament_prefix_path.dsv
[15.544s] -- Installing: /home/arthur/Projects/TREEKING2K24/ROS_WS/install/rf2o_laser_odometry/share/rf2o_laser_odometry/environment/path.sh
[15.544s] -- Installing: /home/arthur/Projects/TREEKING2K24/ROS_WS/install/rf2o_laser_odometry/share/rf2o_laser_odometry/environment/path.dsv
[15.544s] -- Installing: /home/arthur/Projects/TREEKING2K24/ROS_WS/install/rf2o_laser_odometry/share/rf2o_laser_odometry/local_setup.bash
[15.544s] -- Installing: /home/arthur/Projects/TREEKING2K24/ROS_WS/install/rf2o_laser_odometry/share/rf2o_laser_odometry/local_setup.sh
[15.544s] -- Installing: /home/arthur/Projects/TREEKING2K24/ROS_WS/install/rf2o_laser_odometry/share/rf2o_laser_odometry/local_setup.zsh
[15.544s] -- Installing: /home/arthur/Projects/TREEKING2K24/ROS_WS/install/rf2o_laser_odometry/share/rf2o_laser_odometry/local_setup.dsv
[15.545s] -- Installing: /home/arthur/Projects/TREEKING2K24/ROS_WS/install/rf2o_laser_odometry/share/rf2o_laser_odometry/package.dsv
[15.545s] -- Installing: /home/arthur/Projects/TREEKING2K24/ROS_WS/install/rf2o_laser_odometry/share/ament_index/resource_index/packages/rf2o_laser_odometry
[15.545s] -- Installing: /home/arthur/Projects/TREEKING2K24/ROS_WS/install/rf2o_laser_odometry/share/rf2o_laser_odometry/cmake/rf2o_laser_odometryConfig.cmake
[15.545s] -- Installing: /home/arthur/Projects/TREEKING2K24/ROS_WS/install/rf2o_laser_odometry/share/rf2o_laser_odometry/cmake/rf2o_laser_odometryConfig-version.cmake
[15.545s] -- Installing: /home/arthur/Projects/TREEKING2K24/ROS_WS/install/rf2o_laser_odometry/share/rf2o_laser_odometry/package.xml
[15.548s] Invoked command in '/home/arthur/Projects/TREEKING2K24/ROS_WS/build/rf2o_laser_odometry' returned '0': CMAKE_PREFIX_PATH=${CMAKE_PREFIX_PATH}:/opt/ros/humble /usr/bin/cmake --install /home/arthur/Projects/TREEKING2K24/ROS_WS/build/rf2o_laser_odometry
