[0.051s] DEBUG:colcon:Command line arguments: ['/usr/bin/colcon', 'build']
[0.051s] DEBUG:colcon:Parsed command line arguments: Namespace(log_base=None, log_level=None, verb_name='build', build_base='build', install_base='install', merge_install=False, symlink_install=False, test_result_base=None, continue_on_error=False, executor='parallel', parallel_workers=16, event_handlers=None, ignore_user_meta=False, metas=['./colcon.meta'], base_paths=['.'], packages_ignore=None, packages_ignore_regex=None, paths=None, packages_up_to=None, packages_up_to_regex=None, packages_above=None, packages_above_and_dependencies=None, packages_above_depth=None, packages_select_by_dep=None, packages_skip_by_dep=None, packages_skip_up_to=None, packages_select_build_failed=False, packages_skip_build_finished=False, packages_select_test_failures=False, packages_skip_test_passed=False, packages_select=None, packages_skip=None, packages_select_regex=None, packages_skip_regex=None, packages_start=None, packages_end=None, allow_overriding=[], cmake_args=None, cmake_target=None, cmake_target_skip_unavailable=False, cmake_clean_cache=False, cmake_clean_first=False, cmake_force_configure=False, ament_cmake_args=None, catkin_cmake_args=None, catkin_skip_building_tests=False, mixin_files=None, mixin=None, verb_parser=<colcon_mixin.mixin.mixin_argument.MixinArgumentDecorator object at 0x7c9423220fa0>, verb_extension=<colcon_core.verb.build.BuildVerb object at 0x7c94233925f0>, main=<bound method BuildVerb.main of <colcon_core.verb.build.BuildVerb object at 0x7c94233925f0>>, mixin_verb=('build',))
[0.110s] Level 1:colcon.colcon_core.package_discovery:discover_packages(colcon_meta) check parameters
[0.110s] Level 1:colcon.colcon_core.package_discovery:discover_packages(recursive) check parameters
[0.110s] Level 1:colcon.colcon_core.package_discovery:discover_packages(ignore) check parameters
[0.110s] Level 1:colcon.colcon_core.package_discovery:discover_packages(path) check parameters
[0.110s] Level 1:colcon.colcon_core.package_discovery:discover_packages(colcon_meta) discover
[0.110s] Level 1:colcon.colcon_core.package_discovery:discover_packages(recursive) discover
[0.110s] INFO:colcon.colcon_core.package_discovery:Crawling recursively for packages in '/home/arthur/Projects/Lidar/src'
[0.110s] Level 1:colcon.colcon_core.package_identification:_identify(.) by extensions ['ignore', 'ignore_ament_install']
[0.110s] Level 1:colcon.colcon_core.package_identification:_identify(.) by extension 'ignore'
[0.110s] Level 1:colcon.colcon_core.package_identification:_identify(.) by extension 'ignore_ament_install'
[0.110s] Level 1:colcon.colcon_core.package_identification:_identify(.) by extensions ['colcon_pkg']
[0.110s] Level 1:colcon.colcon_core.package_identification:_identify(.) by extension 'colcon_pkg'
[0.110s] Level 1:colcon.colcon_core.package_identification:_identify(.) by extensions ['colcon_meta']
[0.110s] Level 1:colcon.colcon_core.package_identification:_identify(.) by extension 'colcon_meta'
[0.110s] Level 1:colcon.colcon_core.package_identification:_identify(.) by extensions ['ros']
[0.110s] Level 1:colcon.colcon_core.package_identification:_identify(.) by extension 'ros'
[0.116s] Level 1:colcon.colcon_core.package_identification:_identify(.) by extensions ['cmake', 'python']
[0.116s] Level 1:colcon.colcon_core.package_identification:_identify(.) by extension 'cmake'
[0.116s] Level 1:colcon.colcon_core.package_identification:_identify(.) by extension 'python'
[0.116s] Level 1:colcon.colcon_core.package_identification:_identify(.) by extensions ['python_setup_py']
[0.116s] Level 1:colcon.colcon_core.package_identification:_identify(.) by extension 'python_setup_py'
[0.116s] Level 1:colcon.colcon_core.package_identification:_identify(build) by extensions ['ignore', 'ignore_ament_install']
[0.116s] Level 1:colcon.colcon_core.package_identification:_identify(build) by extension 'ignore'
[0.116s] Level 1:colcon.colcon_core.package_identification:_identify(build) ignored
[0.116s] Level 1:colcon.colcon_core.package_identification:_identify(install) by extensions ['ignore', 'ignore_ament_install']
[0.116s] Level 1:colcon.colcon_core.package_identification:_identify(install) by extension 'ignore'
[0.116s] Level 1:colcon.colcon_core.package_identification:_identify(install) ignored
[0.116s] Level 1:colcon.colcon_core.package_identification:_identify(log) by extensions ['ignore', 'ignore_ament_install']
[0.116s] Level 1:colcon.colcon_core.package_identification:_identify(log) by extension 'ignore'
[0.116s] Level 1:colcon.colcon_core.package_identification:_identify(log) ignored
[0.116s] Level 1:colcon.colcon_core.package_identification:_identify(sllidar_ros2) by extensions ['ignore', 'ignore_ament_install']
[0.116s] Level 1:colcon.colcon_core.package_identification:_identify(sllidar_ros2) by extension 'ignore'
[0.116s] Level 1:colcon.colcon_core.package_identification:_identify(sllidar_ros2) by extension 'ignore_ament_install'
[0.117s] Level 1:colcon.colcon_core.package_identification:_identify(sllidar_ros2) by extensions ['colcon_pkg']
[0.117s] Level 1:colcon.colcon_core.package_identification:_identify(sllidar_ros2) by extension 'colcon_pkg'
[0.117s] Level 1:colcon.colcon_core.package_identification:_identify(sllidar_ros2) by extensions ['colcon_meta']
[0.117s] Level 1:colcon.colcon_core.package_identification:_identify(sllidar_ros2) by extension 'colcon_meta'
[0.117s] Level 1:colcon.colcon_core.package_identification:_identify(sllidar_ros2) by extensions ['ros']
[0.117s] Level 1:colcon.colcon_core.package_identification:_identify(sllidar_ros2) by extension 'ros'
[0.118s] DEBUG:colcon.colcon_core.package_identification:Package 'sllidar_ros2' with type 'ros.ament_cmake' and name 'sllidar_ros2'
[0.118s] Level 1:colcon.colcon_core.package_discovery:discover_packages(recursive) using defaults
[0.118s] Level 1:colcon.colcon_core.package_discovery:discover_packages(ignore) discover
[0.118s] Level 1:colcon.colcon_core.package_discovery:discover_packages(ignore) using defaults
[0.118s] Level 1:colcon.colcon_core.package_discovery:discover_packages(path) discover
[0.118s] Level 1:colcon.colcon_core.package_discovery:discover_packages(path) using defaults
[0.129s] Level 1:colcon.colcon_core.package_discovery:discover_packages(prefix_path) check parameters
[0.129s] Level 1:colcon.colcon_core.package_discovery:discover_packages(prefix_path) discover
[0.129s] Level 1:colcon.colcon_core.package_discovery:discover_packages(prefix_path) using defaults
[0.129s] Level 5:colcon.colcon_core.verb:set package 'sllidar_ros2' build argument 'cmake_args' from command line to 'None'
[0.130s] Level 5:colcon.colcon_core.verb:set package 'sllidar_ros2' build argument 'cmake_target' from command line to 'None'
[0.130s] Level 5:colcon.colcon_core.verb:set package 'sllidar_ros2' build argument 'cmake_target_skip_unavailable' from command line to 'False'
[0.130s] Level 5:colcon.colcon_core.verb:set package 'sllidar_ros2' build argument 'cmake_clean_cache' from command line to 'False'
[0.130s] Level 5:colcon.colcon_core.verb:set package 'sllidar_ros2' build argument 'cmake_clean_first' from command line to 'False'
[0.130s] Level 5:colcon.colcon_core.verb:set package 'sllidar_ros2' build argument 'cmake_force_configure' from command line to 'False'
[0.130s] Level 5:colcon.colcon_core.verb:set package 'sllidar_ros2' build argument 'ament_cmake_args' from command line to 'None'
[0.130s] Level 5:colcon.colcon_core.verb:set package 'sllidar_ros2' build argument 'catkin_cmake_args' from command line to 'None'
[0.130s] Level 5:colcon.colcon_core.verb:set package 'sllidar_ros2' build argument 'catkin_skip_building_tests' from command line to 'False'
[0.130s] DEBUG:colcon.colcon_core.verb:Building package 'sllidar_ros2' with the following arguments: {'ament_cmake_args': None, 'build_base': '/home/arthur/Projects/Lidar/src/build/sllidar_ros2', 'catkin_cmake_args': None, 'catkin_skip_building_tests': False, 'cmake_args': None, 'cmake_clean_cache': False, 'cmake_clean_first': False, 'cmake_force_configure': False, 'cmake_target': None, 'cmake_target_skip_unavailable': False, 'install_base': '/home/arthur/Projects/Lidar/src/install/sllidar_ros2', 'merge_install': False, 'path': '/home/arthur/Projects/Lidar/src/sllidar_ros2', 'symlink_install': False, 'test_result_base': None}
[0.130s] INFO:colcon.colcon_core.executor:Executing jobs using 'parallel' executor
[0.130s] DEBUG:colcon.colcon_parallel_executor.executor.parallel:run_until_complete
[0.131s] INFO:colcon.colcon_ros.task.ament_cmake.build:Building ROS package in '/home/arthur/Projects/Lidar/src/sllidar_ros2' with build type 'ament_cmake'
[0.131s] INFO:colcon.colcon_cmake.task.cmake.build:Building CMake package in '/home/arthur/Projects/Lidar/src/sllidar_ros2'
[0.132s] INFO:colcon.colcon_core.plugin_system:Skipping extension 'colcon_core.shell.bat': Not used on non-Windows systems
[0.132s] INFO:colcon.colcon_core.shell:Skip shell extension 'powershell' for command environment: Not usable outside of PowerShell
[0.132s] DEBUG:colcon.colcon_core.shell:Skip shell extension 'dsv' for command environment
[0.136s] DEBUG:colcon.colcon_core.event_handler.log_command:Invoking command in '/home/arthur/Projects/Lidar/src/build/sllidar_ros2': /usr/bin/cmake --build /home/arthur/Projects/Lidar/src/build/sllidar_ros2 -- -j16 -l16
[0.193s] DEBUG:colcon.colcon_core.event_handler.log_command:Invoked command in '/home/arthur/Projects/Lidar/src/build/sllidar_ros2' returned '0': /usr/bin/cmake --build /home/arthur/Projects/Lidar/src/build/sllidar_ros2 -- -j16 -l16
[0.200s] DEBUG:colcon.colcon_core.event_handler.log_command:Invoking command in '/home/arthur/Projects/Lidar/src/build/sllidar_ros2': /usr/bin/cmake --install /home/arthur/Projects/Lidar/src/build/sllidar_ros2
[0.207s] Level 1:colcon.colcon_core.environment:create_environment_scripts_only(sllidar_ros2)
[0.207s] DEBUG:colcon.colcon_core.event_handler.log_command:Invoked command in '/home/arthur/Projects/Lidar/src/build/sllidar_ros2' returned '0': /usr/bin/cmake --install /home/arthur/Projects/Lidar/src/build/sllidar_ros2
[0.209s] Level 1:colcon.colcon_core.environment:checking '/home/arthur/Projects/Lidar/src/install/sllidar_ros2' for CMake module files
[0.209s] Level 1:colcon.colcon_core.environment:checking '/home/arthur/Projects/Lidar/src/install/sllidar_ros2' for CMake config files
[0.210s] Level 1:colcon.colcon_core.shell:create_environment_hook('sllidar_ros2', 'cmake_prefix_path')
[0.210s] INFO:colcon.colcon_core.shell:Creating environment hook '/home/arthur/Projects/Lidar/src/install/sllidar_ros2/share/sllidar_ros2/hook/cmake_prefix_path.ps1'
[0.211s] INFO:colcon.colcon_core.shell:Creating environment descriptor '/home/arthur/Projects/Lidar/src/install/sllidar_ros2/share/sllidar_ros2/hook/cmake_prefix_path.dsv'
[0.211s] INFO:colcon.colcon_core.shell:Creating environment hook '/home/arthur/Projects/Lidar/src/install/sllidar_ros2/share/sllidar_ros2/hook/cmake_prefix_path.sh'
[0.212s] Level 1:colcon.colcon_core.environment:checking '/home/arthur/Projects/Lidar/src/install/sllidar_ros2/lib'
[0.212s] Level 1:colcon.colcon_core.environment:checking '/home/arthur/Projects/Lidar/src/install/sllidar_ros2/bin'
[0.212s] Level 1:colcon.colcon_core.environment:checking '/home/arthur/Projects/Lidar/src/install/sllidar_ros2/lib/pkgconfig/sllidar_ros2.pc'
[0.214s] Level 1:colcon.colcon_core.environment:checking '/home/arthur/Projects/Lidar/src/install/sllidar_ros2/lib/python3.10/site-packages'
[0.214s] Level 1:colcon.colcon_core.environment:checking '/home/arthur/Projects/Lidar/src/install/sllidar_ros2/bin'
[0.214s] INFO:colcon.colcon_core.shell:Creating package script '/home/arthur/Projects/Lidar/src/install/sllidar_ros2/share/sllidar_ros2/package.ps1'
[0.215s] INFO:colcon.colcon_core.shell:Creating package descriptor '/home/arthur/Projects/Lidar/src/install/sllidar_ros2/share/sllidar_ros2/package.dsv'
[0.215s] INFO:colcon.colcon_core.shell:Creating package script '/home/arthur/Projects/Lidar/src/install/sllidar_ros2/share/sllidar_ros2/package.sh'
[0.216s] INFO:colcon.colcon_core.shell:Creating package script '/home/arthur/Projects/Lidar/src/install/sllidar_ros2/share/sllidar_ros2/package.bash'
[0.216s] INFO:colcon.colcon_core.shell:Creating package script '/home/arthur/Projects/Lidar/src/install/sllidar_ros2/share/sllidar_ros2/package.zsh'
[0.217s] Level 1:colcon.colcon_core.environment:create_file_with_runtime_dependencies(/home/arthur/Projects/Lidar/src/install/sllidar_ros2/share/colcon-core/packages/sllidar_ros2)
[0.218s] Level 1:colcon.colcon_core.environment:create_environment_scripts_only(sllidar_ros2)
[0.218s] Level 1:colcon.colcon_core.environment:checking '/home/arthur/Projects/Lidar/src/install/sllidar_ros2' for CMake module files
[0.218s] Level 1:colcon.colcon_core.environment:checking '/home/arthur/Projects/Lidar/src/install/sllidar_ros2' for CMake config files
[0.218s] Level 1:colcon.colcon_core.shell:create_environment_hook('sllidar_ros2', 'cmake_prefix_path')
[0.219s] INFO:colcon.colcon_core.shell:Creating environment hook '/home/arthur/Projects/Lidar/src/install/sllidar_ros2/share/sllidar_ros2/hook/cmake_prefix_path.ps1'
[0.219s] INFO:colcon.colcon_core.shell:Creating environment descriptor '/home/arthur/Projects/Lidar/src/install/sllidar_ros2/share/sllidar_ros2/hook/cmake_prefix_path.dsv'
[0.219s] INFO:colcon.colcon_core.shell:Creating environment hook '/home/arthur/Projects/Lidar/src/install/sllidar_ros2/share/sllidar_ros2/hook/cmake_prefix_path.sh'
[0.220s] Level 1:colcon.colcon_core.environment:checking '/home/arthur/Projects/Lidar/src/install/sllidar_ros2/lib'
[0.220s] Level 1:colcon.colcon_core.environment:checking '/home/arthur/Projects/Lidar/src/install/sllidar_ros2/bin'
[0.220s] Level 1:colcon.colcon_core.environment:checking '/home/arthur/Projects/Lidar/src/install/sllidar_ros2/lib/pkgconfig/sllidar_ros2.pc'
[0.220s] Level 1:colcon.colcon_core.environment:checking '/home/arthur/Projects/Lidar/src/install/sllidar_ros2/lib/python3.10/site-packages'
[0.220s] Level 1:colcon.colcon_core.environment:checking '/home/arthur/Projects/Lidar/src/install/sllidar_ros2/bin'
[0.220s] INFO:colcon.colcon_core.shell:Creating package script '/home/arthur/Projects/Lidar/src/install/sllidar_ros2/share/sllidar_ros2/package.ps1'
[0.221s] INFO:colcon.colcon_core.shell:Creating package descriptor '/home/arthur/Projects/Lidar/src/install/sllidar_ros2/share/sllidar_ros2/package.dsv'
[0.221s] INFO:colcon.colcon_core.shell:Creating package script '/home/arthur/Projects/Lidar/src/install/sllidar_ros2/share/sllidar_ros2/package.sh'
[0.221s] INFO:colcon.colcon_core.shell:Creating package script '/home/arthur/Projects/Lidar/src/install/sllidar_ros2/share/sllidar_ros2/package.bash'
[0.221s] INFO:colcon.colcon_core.shell:Creating package script '/home/arthur/Projects/Lidar/src/install/sllidar_ros2/share/sllidar_ros2/package.zsh'
[0.221s] Level 1:colcon.colcon_core.environment:create_file_with_runtime_dependencies(/home/arthur/Projects/Lidar/src/install/sllidar_ros2/share/colcon-core/packages/sllidar_ros2)
[0.221s] DEBUG:colcon.colcon_parallel_executor.executor.parallel:closing loop
[0.222s] DEBUG:colcon.colcon_parallel_executor.executor.parallel:loop closed
[0.222s] DEBUG:colcon.colcon_parallel_executor.executor.parallel:run_until_complete finished with '0'
[0.222s] DEBUG:colcon.colcon_core.event_reactor:joining thread
[0.224s] INFO:colcon.colcon_core.plugin_system:Skipping extension 'colcon_notification.desktop_notification.terminal_notifier': Not used on non-Darwin systems
[0.224s] INFO:colcon.colcon_core.plugin_system:Skipping extension 'colcon_notification.desktop_notification.win32': Not used on non-Windows systems
[0.224s] INFO:colcon.colcon_notification.desktop_notification:Sending desktop notification using 'notify2'
[0.240s] DEBUG:colcon.colcon_notification.desktop_notification.notify2:Failed to initialize notify2: org.freedesktop.DBus.Error.ServiceUnknown: The name org.freedesktop.Notifications was not provided by any .service files
[0.241s] DEBUG:colcon.colcon_core.event_reactor:joined thread
[0.241s] INFO:colcon.colcon_core.shell:Creating prefix script '/home/arthur/Projects/Lidar/src/install/local_setup.ps1'
[0.241s] INFO:colcon.colcon_core.shell:Creating prefix util module '/home/arthur/Projects/Lidar/src/install/_local_setup_util_ps1.py'
[0.242s] INFO:colcon.colcon_core.shell:Creating prefix chain script '/home/arthur/Projects/Lidar/src/install/setup.ps1'
[0.243s] INFO:colcon.colcon_core.shell:Creating prefix script '/home/arthur/Projects/Lidar/src/install/local_setup.sh'
[0.243s] INFO:colcon.colcon_core.shell:Creating prefix util module '/home/arthur/Projects/Lidar/src/install/_local_setup_util_sh.py'
[0.243s] INFO:colcon.colcon_core.shell:Creating prefix chain script '/home/arthur/Projects/Lidar/src/install/setup.sh'
[0.243s] INFO:colcon.colcon_core.shell:Creating prefix script '/home/arthur/Projects/Lidar/src/install/local_setup.bash'
[0.244s] INFO:colcon.colcon_core.shell:Creating prefix chain script '/home/arthur/Projects/Lidar/src/install/setup.bash'
[0.244s] INFO:colcon.colcon_core.shell:Creating prefix script '/home/arthur/Projects/Lidar/src/install/local_setup.zsh'
[0.244s] INFO:colcon.colcon_core.shell:Creating prefix chain script '/home/arthur/Projects/Lidar/src/install/setup.zsh'
